[0526/150740.725:ERROR:process_reader_win.cc(114)] NtOpenThread: {Access Denied} A process has requested access to an object, but has not been granted those access rights.  (0xc0000022)
[0526/150740.750:ERROR:exception_snapshot_win.cc(87)] thread ID 5532 not found in process
[0526/150740.750:WARNING:crash_report_exception_handler.cc(60)] ProcessSnapshotWin::Initialize failed
[0526/170555.853:ERROR:process_reader_win.cc(114)] NtOpenThread: {Access Denied} A process has requested access to an object, but has not been granted those access rights.  (0xc0000022)
[0526/170555.855:ERROR:exception_snapshot_win.cc(87)] thread ID 7268 not found in process
[0526/170555.856:WARNING:crash_report_exception_handler.cc(60)] ProcessSnapshotWin::Initialize failed
[0526/171346.320:ERROR:process_reader_win.cc(114)] NtOpenThread: {Access Denied} A process has requested access to an object, but has not been granted those access rights.  (0xc0000022)
[0526/171346.320:ERROR:exception_snapshot_win.cc(87)] thread ID 2252 not found in process
[0526/171346.320:WARNING:crash_report_exception_handler.cc(60)] ProcessSnapshotWin::Initialize failed
[0526/174451.842:ERROR:process_reader_win.cc(114)] NtOpenThread: {Access Denied} A process has requested access to an object, but has not been granted those access rights.  (0xc0000022)
[0526/174451.842:ERROR:exception_snapshot_win.cc(87)] thread ID 8544 not found in process
[0526/174451.842:WARNING:crash_report_exception_handler.cc(60)] ProcessSnapshotWin::Initialize failed
[0526/174452.014:ERROR:process_reader_win.cc(142)] SuspendThread: Access is denied. (0x5)
[0526/174452.030:ERROR:process_reader_win.cc(142)] SuspendThread: Access is denied. (0x5)
[0526/174452.030:ERROR:process_reader_win.cc(114)] NtOpenThread: {Access Denied} A process has requested access to an object, but has not been granted those access rights.  (0xc0000022)
[0526/174452.030:ERROR:exception_snapshot_win.cc(87)] thread ID 2536 not found in process
[0526/174452.030:WARNING:crash_report_exception_handler.cc(60)] ProcessSnapshotWin::Initialize failed
[0526/174903.336:ERROR:process_reader_win.cc(114)] NtOpenThread: {Access Denied} A process has requested access to an object, but has not been granted those access rights.  (0xc0000022)
[0526/174903.337:ERROR:exception_snapshot_win.cc(87)] thread ID 10228 not found in process
[0526/174903.337:WARNING:crash_report_exception_handler.cc(60)] ProcessSnapshotWin::Initialize failed
[0526/174906.674:ERROR:process_reader_win.cc(114)] NtOpenThread: {Access Denied} A process has requested access to an object, but has not been granted those access rights.  (0xc0000022)
[0526/174906.675:ERROR:exception_snapshot_win.cc(87)] thread ID 7252 not found in process
[0526/174906.676:WARNING:crash_report_exception_handler.cc(60)] ProcessSnapshotWin::Initialize failed
[0527/112713.634:ERROR:process_reader_win.cc(114)] NtOpenThread: {Access Denied} A process has requested access to an object, but has not been granted those access rights.  (0xc0000022)
[0527/112713.634:ERROR:exception_snapshot_win.cc(87)] thread ID 396 not found in process
[0527/112713.634:WARNING:crash_report_exception_handler.cc(60)] ProcessSnapshotWin::Initialize failed
[0527/112714.805:ERROR:process_reader_win.cc(114)] NtOpenThread: {Access Denied} A process has requested access to an object, but has not been granted those access rights.  (0xc0000022)
[0527/112714.821:ERROR:exception_snapshot_win.cc(87)] thread ID 1416 not found in process
[0527/112714.821:WARNING:crash_report_exception_handler.cc(60)] ProcessSnapshotWin::Initialize failed
[0527/114108.254:ERROR:process_reader_win.cc(114)] NtOpenThread: {Access Denied} A process has requested access to an object, but has not been granted those access rights.  (0xc0000022)
[0527/114108.254:ERROR:exception_snapshot_win.cc(87)] thread ID 7716 not found in process
[0527/114108.254:WARNING:crash_report_exception_handler.cc(60)] ProcessSnapshotWin::Initialize failed
[0527/115345.842:ERROR:process_reader_win.cc(142)] SuspendThread: Access is denied. (0x5)
[0527/115345.842:ERROR:process_reader_win.cc(142)] SuspendThread: Access is denied. (0x5)
[0527/115345.842:ERROR:process_reader_win.cc(114)] NtOpenThread: {Access Denied} A process has requested access to an object, but has not been granted those access rights.  (0xc0000022)
[0527/115345.842:ERROR:exception_snapshot_win.cc(87)] thread ID 10192 not found in process
[0527/115345.842:WARNING:crash_report_exception_handler.cc(60)] ProcessSnapshotWin::Initialize failed
[0527/115933.231:ERROR:process_reader_win.cc(114)] NtOpenThread: {Access Denied} A process has requested access to an object, but has not been granted those access rights.  (0xc0000022)
[0527/115933.231:ERROR:exception_snapshot_win.cc(87)] thread ID 1860 not found in process
[0527/115933.231:WARNING:crash_report_exception_handler.cc(60)] ProcessSnapshotWin::Initialize failed
[0527/115934.504:ERROR:process_reader_win.cc(114)] NtOpenThread: {Access Denied} A process has requested access to an object, but has not been granted those access rights.  (0xc0000022)
[0527/115934.504:ERROR:exception_snapshot_win.cc(87)] thread ID 11116 not found in process
[0527/115934.504:WARNING:crash_report_exception_handler.cc(60)] ProcessSnapshotWin::Initialize failed
[0527/121203.295:ERROR:process_reader_win.cc(114)] NtOpenThread: {Access Denied} A process has requested access to an object, but has not been granted those access rights.  (0xc0000022)
[0527/121203.295:ERROR:exception_snapshot_win.cc(87)] thread ID 9104 not found in process
[0527/121203.295:WARNING:crash_report_exception_handler.cc(60)] ProcessSnapshotWin::Initialize failed
[0527/121204.555:ERROR:process_reader_win.cc(142)] SuspendThread: Access is denied. (0x5)
[0527/121204.555:ERROR:process_reader_win.cc(142)] SuspendThread: Access is denied. (0x5)
[0527/121204.555:ERROR:process_reader_win.cc(142)] SuspendThread: Access is denied. (0x5)
[0527/121204.555:ERROR:process_reader_win.cc(142)] SuspendThread: Access is denied. (0x5)
[0527/121204.555:ERROR:process_reader_win.cc(142)] SuspendThread: Access is denied. (0x5)
[0527/121204.555:ERROR:process_reader_win.cc(142)] SuspendThread: Access is denied. (0x5)
[0527/121204.555:ERROR:process_reader_win.cc(142)] SuspendThread: Access is denied. (0x5)
[0527/121204.555:ERROR:process_reader_win.cc(142)] SuspendThread: Access is denied. (0x5)
[0527/121204.555:ERROR:process_reader_win.cc(142)] SuspendThread: Access is denied. (0x5)
[0527/121204.555:ERROR:process_reader_win.cc(142)] SuspendThread: Access is denied. (0x5)
[0527/121204.555:ERROR:process_reader_win.cc(142)] SuspendThread: Access is denied. (0x5)
[0527/121204.555:ERROR:process_reader_win.cc(142)] SuspendThread: Access is denied. (0x5)
[0527/121204.555:ERROR:process_reader_win.cc(142)] SuspendThread: Access is denied. (0x5)
[0527/121204.555:ERROR:process_reader_win.cc(142)] SuspendThread: Access is denied. (0x5)
[0527/121204.555:ERROR:process_reader_win.cc(142)] SuspendThread: Access is denied. (0x5)
[0527/121204.555:ERROR:process_reader_win.cc(142)] SuspendThread: Access is denied. (0x5)
[0527/121204.555:ERROR:process_reader_win.cc(142)] SuspendThread: Access is denied. (0x5)
[0527/121204.555:ERROR:process_reader_win.cc(142)] SuspendThread: Access is denied. (0x5)
[0527/121204.555:ERROR:process_reader_win.cc(142)] SuspendThread: Access is denied. (0x5)
[0527/121204.555:ERROR:process_reader_win.cc(142)] SuspendThread: Access is denied. (0x5)
[0527/121204.555:ERROR:process_reader_win.cc(142)] SuspendThread: Access is denied. (0x5)
[0527/121204.555:ERROR:process_reader_win.cc(114)] NtOpenThread: {Access Denied} A process has requested access to an object, but has not been granted those access rights.  (0xc0000022)
[0527/121204.555:ERROR:exception_snapshot_win.cc(87)] thread ID 5208 not found in process
[0527/121204.555:WARNING:crash_report_exception_handler.cc(60)] ProcessSnapshotWin::Initialize failed
[0527/122716.465:ERROR:process_reader_win.cc(114)] NtOpenThread: {Access Denied} A process has requested access to an object, but has not been granted those access rights.  (0xc0000022)
[0527/122716.481:ERROR:exception_snapshot_win.cc(87)] thread ID 10208 not found in process
[0527/122716.481:WARNING:crash_report_exception_handler.cc(60)] ProcessSnapshotWin::Initialize failed
[0527/123113.269:ERROR:process_reader_win.cc(114)] NtOpenThread: {Access Denied} A process has requested access to an object, but has not been granted those access rights.  (0xc0000022)
[0527/123113.271:ERROR:exception_snapshot_win.cc(87)] thread ID 11080 not found in process
[0527/123113.271:WARNING:crash_report_exception_handler.cc(60)] ProcessSnapshotWin::Initialize failed
[0527/125205.568:ERROR:process_reader_win.cc(142)] SuspendThread: Access is denied. (0x5)
[0527/125205.568:ERROR:process_reader_win.cc(142)] SuspendThread: Access is denied. (0x5)
[0527/125205.568:ERROR:process_reader_win.cc(114)] NtOpenThread: {Access Denied} A process has requested access to an object, but has not been granted those access rights.  (0xc0000022)
[0527/125205.568:ERROR:exception_snapshot_win.cc(87)] thread ID 1072 not found in process
[0527/125205.568:WARNING:crash_report_exception_handler.cc(60)] ProcessSnapshotWin::Initialize failed
[0527/130258.780:ERROR:process_reader_win.cc(114)] NtOpenThread: {Access Denied} A process has requested access to an object, but has not been granted those access rights.  (0xc0000022)
[0527/130258.796:ERROR:exception_snapshot_win.cc(87)] thread ID 2964 not found in process
[0527/130258.796:WARNING:crash_report_exception_handler.cc(60)] ProcessSnapshotWin::Initialize failed
[0527/130300.130:ERROR:process_reader_win.cc(114)] NtOpenThread: {Access Denied} A process has requested access to an object, but has not been granted those access rights.  (0xc0000022)
[0527/130300.130:ERROR:exception_snapshot_win.cc(87)] thread ID 5348 not found in process
[0527/130300.130:WARNING:crash_report_exception_handler.cc(60)] ProcessSnapshotWin::Initialize failed
[0527/130301.452:ERROR:process_reader_win.cc(142)] SuspendThread: Access is denied. (0x5)
[0527/130301.452:ERROR:process_reader_win.cc(142)] SuspendThread: Access is denied. (0x5)
[0527/130301.452:ERROR:process_reader_win.cc(114)] NtOpenThread: {Access Denied} A process has requested access to an object, but has not been granted those access rights.  (0xc0000022)
[0527/130301.452:ERROR:exception_snapshot_win.cc(87)] thread ID 8244 not found in process
[0527/130301.467:WARNING:crash_report_exception_handler.cc(60)] ProcessSnapshotWin::Initialize failed
[0527/130622.838:ERROR:process_reader_win.cc(142)] SuspendThread: Access is denied. (0x5)
[0527/130622.838:ERROR:process_reader_win.cc(142)] SuspendThread: Access is denied. (0x5)
[0527/130622.838:ERROR:process_reader_win.cc(142)] SuspendThread: Access is denied. (0x5)
[0527/130622.838:ERROR:process_reader_win.cc(142)] SuspendThread: Access is denied. (0x5)
[0527/130622.854:ERROR:process_reader_win.cc(142)] SuspendThread: Access is denied. (0x5)
[0527/130622.854:ERROR:process_reader_win.cc(142)] SuspendThread: Access is denied. (0x5)
[0527/130622.854:ERROR:process_reader_win.cc(142)] SuspendThread: Access is denied. (0x5)
[0527/130622.854:ERROR:process_reader_win.cc(142)] SuspendThread: Access is denied. (0x5)
[0527/130622.854:ERROR:process_reader_win.cc(142)] SuspendThread: Access is denied. (0x5)
[0527/130622.854:ERROR:process_reader_win.cc(142)] SuspendThread: Access is denied. (0x5)
[0527/130622.854:ERROR:process_reader_win.cc(142)] SuspendThread: Access is denied. (0x5)
[0527/130622.854:ERROR:process_reader_win.cc(142)] SuspendThread: Access is denied. (0x5)
[0527/130622.854:ERROR:process_reader_win.cc(142)] SuspendThread: Access is denied. (0x5)
[0527/130622.854:ERROR:process_reader_win.cc(142)] SuspendThread: Access is denied. (0x5)
[0527/130622.854:ERROR:process_reader_win.cc(142)] SuspendThread: Access is denied. (0x5)
[0527/130622.854:ERROR:process_reader_win.cc(142)] SuspendThread: Access is denied. (0x5)
[0527/130622.854:ERROR:process_reader_win.cc(142)] SuspendThread: Access is denied. (0x5)
[0527/130622.854:ERROR:process_reader_win.cc(142)] SuspendThread: Access is denied. (0x5)
[0527/130622.854:ERROR:process_reader_win.cc(142)] SuspendThread: Access is denied. (0x5)
[0527/130622.854:ERROR:process_reader_win.cc(142)] SuspendThread: Access is denied. (0x5)
[0527/130622.854:ERROR:process_reader_win.cc(142)] SuspendThread: Access is denied. (0x5)
[0527/130622.854:ERROR:process_reader_win.cc(142)] SuspendThread: Access is denied. (0x5)
[0527/130622.854:ERROR:process_reader_win.cc(142)] SuspendThread: Access is denied. (0x5)
[0527/130622.854:ERROR:process_reader_win.cc(142)] SuspendThread: Access is denied. (0x5)
[0527/130622.854:ERROR:process_reader_win.cc(142)] SuspendThread: Access is denied. (0x5)
[0527/130622.854:ERROR:process_reader_win.cc(142)] SuspendThread: Access is denied. (0x5)
[0527/130622.854:ERROR:process_reader_win.cc(142)] SuspendThread: Access is denied. (0x5)
[0527/130622.854:ERROR:process_reader_win.cc(142)] SuspendThread: Access is denied. (0x5)
[0527/130622.854:ERROR:process_reader_win.cc(142)] SuspendThread: Access is denied. (0x5)
[0527/130622.854:ERROR:process_reader_win.cc(142)] SuspendThread: Access is denied. (0x5)
[0527/130622.854:ERROR:process_reader_win.cc(114)] NtOpenThread: {Access Denied} A process has requested access to an object, but has not been granted those access rights.  (0xc0000022)
[0527/130622.854:ERROR:exception_snapshot_win.cc(87)] thread ID 5904 not found in process
[0527/130622.854:WARNING:crash_report_exception_handler.cc(60)] ProcessSnapshotWin::Initialize failed
[0527/130622.869:ERROR:process_reader_win.cc(142)] SuspendThread: Access is denied. (0x5)
[0527/130622.869:ERROR:process_reader_win.cc(142)] SuspendThread: Access is denied. (0x5)
[0527/130622.869:ERROR:process_reader_win.cc(114)] NtOpenThread: {Access Denied} A process has requested access to an object, but has not been granted those access rights.  (0xc0000022)
[0527/130622.869:ERROR:exception_snapshot_win.cc(87)] thread ID 9832 not found in process
[0527/130622.869:WARNING:crash_report_exception_handler.cc(60)] ProcessSnapshotWin::Initialize failed
[0527/130914.065:ERROR:process_reader_win.cc(142)] SuspendThread: Access is denied. (0x5)
[0527/130914.065:ERROR:process_reader_win.cc(142)] SuspendThread: Access is denied. (0x5)
[0527/130914.065:ERROR:process_reader_win.cc(142)] SuspendThread: Access is denied. (0x5)
[0527/130914.065:ERROR:process_reader_win.cc(142)] SuspendThread: Access is denied. (0x5)
[0527/130914.065:ERROR:process_reader_win.cc(142)] SuspendThread: Access is denied. (0x5)
[0527/130914.065:ERROR:process_reader_win.cc(142)] SuspendThread: Access is denied. (0x5)
[0527/130914.065:ERROR:process_reader_win.cc(142)] SuspendThread: Access is denied. (0x5)
[0527/130914.065:ERROR:process_reader_win.cc(142)] SuspendThread: Access is denied. (0x5)
[0527/130914.065:ERROR:process_reader_win.cc(142)] SuspendThread: Access is denied. (0x5)
[0527/130914.065:ERROR:process_reader_win.cc(142)] SuspendThread: Access is denied. (0x5)
[0527/130914.065:ERROR:process_reader_win.cc(142)] SuspendThread: Access is denied. (0x5)
[0527/130914.065:ERROR:process_reader_win.cc(142)] SuspendThread: Access is denied. (0x5)
[0527/130914.065:ERROR:process_reader_win.cc(142)] SuspendThread: Access is denied. (0x5)
[0527/130914.065:ERROR:process_reader_win.cc(142)] SuspendThread: Access is denied. (0x5)
[0527/130914.065:ERROR:process_reader_win.cc(142)] SuspendThread: Access is denied. (0x5)
[0527/130914.065:ERROR:process_reader_win.cc(142)] SuspendThread: Access is denied. (0x5)
[0527/130914.065:ERROR:process_reader_win.cc(142)] SuspendThread: Access is denied. (0x5)
[0527/130914.065:ERROR:process_reader_win.cc(142)] SuspendThread: Access is denied. (0x5)
[0527/130914.065:ERROR:process_reader_win.cc(142)] SuspendThread: Access is denied. (0x5)
[0527/130914.065:ERROR:process_reader_win.cc(142)] SuspendThread: Access is denied. (0x5)
[0527/130914.065:ERROR:process_reader_win.cc(142)] SuspendThread: Access is denied. (0x5)
[0527/130914.065:ERROR:process_reader_win.cc(142)] SuspendThread: Access is denied. (0x5)
[0527/130914.065:ERROR:process_reader_win.cc(142)] SuspendThread: Access is denied. (0x5)
[0527/130914.065:ERROR:process_reader_win.cc(142)] SuspendThread: Access is denied. (0x5)
[0527/130914.065:ERROR:process_reader_win.cc(142)] SuspendThread: Access is denied. (0x5)
[0527/130914.065:ERROR:process_reader_win.cc(142)] SuspendThread: Access is denied. (0x5)
[0527/130914.065:ERROR:process_reader_win.cc(142)] SuspendThread: Access is denied. (0x5)
[0527/130914.065:ERROR:process_reader_win.cc(142)] SuspendThread: Access is denied. (0x5)
[0527/130914.065:ERROR:process_reader_win.cc(142)] SuspendThread: Access is denied. (0x5)
[0527/130914.065:ERROR:process_reader_win.cc(142)] SuspendThread: Access is denied. (0x5)
[0527/130914.065:ERROR:process_reader_win.cc(142)] SuspendThread: Access is denied. (0x5)
[0527/130914.065:ERROR:process_reader_win.cc(142)] SuspendThread: Access is denied. (0x5)
[0527/130914.065:ERROR:process_reader_win.cc(114)] NtOpenThread: {Access Denied} A process has requested access to an object, but has not been granted those access rights.  (0xc0000022)
[0527/130914.065:ERROR:exception_snapshot_win.cc(87)] thread ID 5840 not found in process
[0527/130914.065:WARNING:crash_report_exception_handler.cc(60)] ProcessSnapshotWin::Initialize failed
[0527/141040.138:ERROR:process_reader_win.cc(142)] SuspendThread: Access is denied. (0x5)
[0527/141040.154:ERROR:process_reader_win.cc(142)] SuspendThread: Access is denied. (0x5)
[0527/141040.154:ERROR:process_reader_win.cc(114)] NtOpenThread: {Access Denied} A process has requested access to an object, but has not been granted those access rights.  (0xc0000022)
[0527/141040.154:ERROR:exception_snapshot_win.cc(87)] thread ID 10624 not found in process
[0527/141040.154:WARNING:crash_report_exception_handler.cc(60)] ProcessSnapshotWin::Initialize failed
[0527/141040.170:ERROR:process_reader_win.cc(142)] SuspendThread: Access is denied. (0x5)
[0527/141040.170:ERROR:process_reader_win.cc(142)] SuspendThread: Access is denied. (0x5)
[0527/141040.170:ERROR:process_reader_win.cc(114)] NtOpenThread: {Access Denied} A process has requested access to an object, but has not been granted those access rights.  (0xc0000022)
[0527/141040.170:ERROR:exception_snapshot_win.cc(87)] thread ID 9184 not found in process
[0527/141040.170:WARNING:crash_report_exception_handler.cc(60)] ProcessSnapshotWin::Initialize failed
[0527/155806.589:ERROR:process_reader_win.cc(114)] NtOpenThread: {Access Denied} A process has requested access to an object, but has not been granted those access rights.  (0xc0000022)
[0527/155806.605:ERROR:exception_snapshot_win.cc(87)] thread ID 2460 not found in process
[0527/155806.605:WARNING:crash_report_exception_handler.cc(60)] ProcessSnapshotWin::Initialize failed
[0527/160747.257:ERROR:process_reader_win.cc(114)] NtOpenThread: {Access Denied} A process has requested access to an object, but has not been granted those access rights.  (0xc0000022)
[0527/160747.259:ERROR:exception_snapshot_win.cc(87)] thread ID 4328 not found in process
[0527/160747.259:WARNING:crash_report_exception_handler.cc(60)] ProcessSnapshotWin::Initialize failed
[0527/160750.120:ERROR:process_reader_win.cc(142)] SuspendThread: Access is denied. (0x5)
[0527/160750.124:ERROR:process_reader_win.cc(142)] SuspendThread: Access is denied. (0x5)
[0527/160750.124:ERROR:process_reader_win.cc(114)] NtOpenThread: {Access Denied} A process has requested access to an object, but has not been granted those access rights.  (0xc0000022)
[0527/160750.125:ERROR:exception_snapshot_win.cc(87)] thread ID 4112 not found in process
[0527/160750.125:WARNING:crash_report_exception_handler.cc(60)] ProcessSnapshotWin::Initialize failed
[0527/162218.808:ERROR:process_reader_win.cc(114)] NtOpenThread: {Access Denied} A process has requested access to an object, but has not been granted those access rights.  (0xc0000022)
[0527/162218.810:ERROR:exception_snapshot_win.cc(87)] thread ID 6804 not found in process
[0527/162218.810:WARNING:crash_report_exception_handler.cc(60)] ProcessSnapshotWin::Initialize failed
[0527/163838.659:ERROR:process_reader_win.cc(142)] SuspendThread: Access is denied. (0x5)
[0527/163838.659:ERROR:process_reader_win.cc(142)] SuspendThread: Access is denied. (0x5)
[0527/163838.659:ERROR:process_reader_win.cc(142)] SuspendThread: Access is denied. (0x5)
[0527/163838.659:ERROR:process_reader_win.cc(142)] SuspendThread: Access is denied. (0x5)
[0527/163838.659:ERROR:process_reader_win.cc(142)] SuspendThread: Access is denied. (0x5)
[0527/163838.659:ERROR:process_reader_win.cc(142)] SuspendThread: Access is denied. (0x5)
[0527/163838.659:ERROR:process_reader_win.cc(142)] SuspendThread: Access is denied. (0x5)
[0527/163838.659:ERROR:process_reader_win.cc(142)] SuspendThread: Access is denied. (0x5)
[0527/163838.659:ERROR:process_reader_win.cc(142)] SuspendThread: Access is denied. (0x5)
[0527/163838.659:ERROR:process_reader_win.cc(142)] SuspendThread: Access is denied. (0x5)
[0527/163838.659:ERROR:process_reader_win.cc(142)] SuspendThread: Access is denied. (0x5)
[0527/163838.659:ERROR:process_reader_win.cc(142)] SuspendThread: Access is denied. (0x5)
[0527/163838.659:ERROR:process_reader_win.cc(142)] SuspendThread: Access is denied. (0x5)
[0527/163838.659:ERROR:process_reader_win.cc(142)] SuspendThread: Access is denied. (0x5)
[0527/163838.659:ERROR:process_reader_win.cc(142)] SuspendThread: Access is denied. (0x5)
[0527/163838.659:ERROR:process_reader_win.cc(142)] SuspendThread: Access is denied. (0x5)
[0527/163838.659:ERROR:process_reader_win.cc(142)] SuspendThread: Access is denied. (0x5)
[0527/163838.659:ERROR:process_reader_win.cc(142)] SuspendThread: Access is denied. (0x5)
[0527/163838.659:ERROR:process_reader_win.cc(142)] SuspendThread: Access is denied. (0x5)
[0527/163838.659:ERROR:process_reader_win.cc(142)] SuspendThread: Access is denied. (0x5)
[0527/163838.659:ERROR:process_reader_win.cc(142)] SuspendThread: Access is denied. (0x5)
[0527/163838.659:ERROR:process_reader_win.cc(142)] SuspendThread: Access is denied. (0x5)
[0527/163838.659:ERROR:process_reader_win.cc(142)] SuspendThread: Access is denied. (0x5)
[0527/163838.659:ERROR:process_reader_win.cc(142)] SuspendThread: Access is denied. (0x5)
[0527/163838.659:ERROR:process_reader_win.cc(142)] SuspendThread: Access is denied. (0x5)
[0527/163838.659:ERROR:process_reader_win.cc(142)] SuspendThread: Access is denied. (0x5)
[0527/163838.659:ERROR:process_reader_win.cc(142)] SuspendThread: Access is denied. (0x5)
[0527/163838.659:ERROR:process_reader_win.cc(142)] SuspendThread: Access is denied. (0x5)
[0527/163838.659:ERROR:process_reader_win.cc(142)] SuspendThread: Access is denied. (0x5)
[0527/163838.659:ERROR:process_reader_win.cc(142)] SuspendThread: Access is denied. (0x5)
[0527/163838.659:ERROR:process_reader_win.cc(142)] SuspendThread: Access is denied. (0x5)
[0527/163838.659:ERROR:process_reader_win.cc(142)] SuspendThread: Access is denied. (0x5)
[0527/163838.659:ERROR:process_reader_win.cc(114)] NtOpenThread: {Access Denied} A process has requested access to an object, but has not been granted those access rights.  (0xc0000022)
[0527/163838.659:ERROR:exception_snapshot_win.cc(87)] thread ID 4948 not found in process
[0527/163838.659:WARNING:crash_report_exception_handler.cc(60)] ProcessSnapshotWin::Initialize failed
[0527/163839.737:ERROR:process_reader_win.cc(142)] SuspendThread: Access is denied. (0x5)
[0527/163839.737:ERROR:process_reader_win.cc(142)] SuspendThread: Access is denied. (0x5)
[0527/163839.737:ERROR:process_reader_win.cc(142)] SuspendThread: Access is denied. (0x5)
[0527/163839.737:ERROR:process_reader_win.cc(142)] SuspendThread: Access is denied. (0x5)
[0527/163839.737:ERROR:process_reader_win.cc(142)] SuspendThread: Access is denied. (0x5)
[0527/163839.737:ERROR:process_reader_win.cc(142)] SuspendThread: Access is denied. (0x5)
[0527/163839.737:ERROR:process_reader_win.cc(142)] SuspendThread: Access is denied. (0x5)
[0527/163839.737:ERROR:process_reader_win.cc(142)] SuspendThread: Access is denied. (0x5)
[0527/163839.737:ERROR:process_reader_win.cc(142)] SuspendThread: Access is denied. (0x5)
[0527/163839.737:ERROR:process_reader_win.cc(142)] SuspendThread: Access is denied. (0x5)
[0527/163839.737:ERROR:process_reader_win.cc(142)] SuspendThread: Access is denied. (0x5)
[0527/163839.737:ERROR:process_reader_win.cc(142)] SuspendThread: Access is denied. (0x5)
[0527/163839.737:ERROR:process_reader_win.cc(142)] SuspendThread: Access is denied. (0x5)
[0527/163839.737:ERROR:process_reader_win.cc(142)] SuspendThread: Access is denied. (0x5)
[0527/163839.737:ERROR:process_reader_win.cc(142)] SuspendThread: Access is denied. (0x5)
[0527/163839.737:ERROR:process_reader_win.cc(142)] SuspendThread: Access is denied. (0x5)
[0527/163839.737:ERROR:process_reader_win.cc(142)] SuspendThread: Access is denied. (0x5)
[0527/163839.737:ERROR:process_reader_win.cc(142)] SuspendThread: Access is denied. (0x5)
[0527/163839.737:ERROR:process_reader_win.cc(142)] SuspendThread: Access is denied. (0x5)
[0527/163839.737:ERROR:process_reader_win.cc(142)] SuspendThread: Access is denied. (0x5)
[0527/163839.737:ERROR:process_reader_win.cc(142)] SuspendThread: Access is denied. (0x5)
[0527/163839.737:ERROR:process_reader_win.cc(142)] SuspendThread: Access is denied. (0x5)
[0527/163839.737:ERROR:process_reader_win.cc(142)] SuspendThread: Access is denied. (0x5)
[0527/163839.737:ERROR:process_reader_win.cc(142)] SuspendThread: Access is denied. (0x5)
[0527/163839.737:ERROR:process_reader_win.cc(142)] SuspendThread: Access is denied. (0x5)
[0527/163839.737:ERROR:process_reader_win.cc(142)] SuspendThread: Access is denied. (0x5)
[0527/163839.737:ERROR:process_reader_win.cc(142)] SuspendThread: Access is denied. (0x5)
[0527/163839.737:ERROR:process_reader_win.cc(142)] SuspendThread: Access is denied. (0x5)
[0527/163839.737:ERROR:process_reader_win.cc(142)] SuspendThread: Access is denied. (0x5)
[0527/163839.737:ERROR:process_reader_win.cc(142)] SuspendThread: Access is denied. (0x5)
[0527/163839.737:ERROR:process_reader_win.cc(142)] SuspendThread: Access is denied. (0x5)
[0527/163839.737:ERROR:process_reader_win.cc(142)] SuspendThread: Access is denied. (0x5)
[0527/163839.737:ERROR:process_reader_win.cc(142)] SuspendThread: Access is denied. (0x5)
[0527/163839.737:ERROR:process_reader_win.cc(142)] SuspendThread: Access is denied. (0x5)
[0527/163839.737:ERROR:process_reader_win.cc(114)] NtOpenThread: {Access Denied} A process has requested access to an object, but has not been granted those access rights.  (0xc0000022)
[0527/163839.737:ERROR:exception_snapshot_win.cc(87)] thread ID 10308 not found in process
[0527/163839.737:WARNING:crash_report_exception_handler.cc(60)] ProcessSnapshotWin::Initialize failed
[0527/164919.932:ERROR:process_reader_win.cc(142)] SuspendThread: Access is denied. (0x5)
[0527/164919.932:ERROR:process_reader_win.cc(142)] SuspendThread: Access is denied. (0x5)
[0527/164919.932:ERROR:process_reader_win.cc(142)] SuspendThread: Access is denied. (0x5)
[0527/164919.932:ERROR:process_reader_win.cc(142)] SuspendThread: Access is denied. (0x5)
[0527/164919.932:ERROR:process_reader_win.cc(142)] SuspendThread: Access is denied. (0x5)
[0527/164919.932:ERROR:process_reader_win.cc(142)] SuspendThread: Access is denied. (0x5)
[0527/164919.932:ERROR:process_reader_win.cc(142)] SuspendThread: Access is denied. (0x5)
[0527/164919.932:ERROR:process_reader_win.cc(142)] SuspendThread: Access is denied. (0x5)
[0527/164919.932:ERROR:process_reader_win.cc(142)] SuspendThread: Access is denied. (0x5)
[0527/164919.932:ERROR:process_reader_win.cc(142)] SuspendThread: Access is denied. (0x5)
[0527/164919.932:ERROR:process_reader_win.cc(142)] SuspendThread: Access is denied. (0x5)
[0527/164919.932:ERROR:process_reader_win.cc(142)] SuspendThread: Access is denied. (0x5)
[0527/164919.932:ERROR:process_reader_win.cc(142)] SuspendThread: Access is denied. (0x5)
[0527/164919.932:ERROR:process_reader_win.cc(142)] SuspendThread: Access is denied. (0x5)
[0527/164919.932:ERROR:process_reader_win.cc(142)] SuspendThread: Access is denied. (0x5)
[0527/164919.932:ERROR:process_reader_win.cc(142)] SuspendThread: Access is denied. (0x5)
[0527/164919.932:ERROR:process_reader_win.cc(142)] SuspendThread: Access is denied. (0x5)
[0527/164919.932:ERROR:process_reader_win.cc(142)] SuspendThread: Access is denied. (0x5)
[0527/164919.932:ERROR:process_reader_win.cc(142)] SuspendThread: Access is denied. (0x5)
[0527/164919.932:ERROR:process_reader_win.cc(142)] SuspendThread: Access is denied. (0x5)
[0527/164919.932:ERROR:process_reader_win.cc(142)] SuspendThread: Access is denied. (0x5)
[0527/164919.932:ERROR:process_reader_win.cc(142)] SuspendThread: Access is denied. (0x5)
[0527/164919.932:ERROR:process_reader_win.cc(142)] SuspendThread: Access is denied. (0x5)
[0527/164919.932:ERROR:process_reader_win.cc(142)] SuspendThread: Access is denied. (0x5)
[0527/164919.932:ERROR:process_reader_win.cc(142)] SuspendThread: Access is denied. (0x5)
[0527/164919.932:ERROR:process_reader_win.cc(142)] SuspendThread: Access is denied. (0x5)
[0527/164919.932:ERROR:process_reader_win.cc(142)] SuspendThread: Access is denied. (0x5)
[0527/164919.932:ERROR:process_reader_win.cc(142)] SuspendThread: Access is denied. (0x5)
[0527/164919.932:ERROR:process_reader_win.cc(142)] SuspendThread: Access is denied. (0x5)
[0527/164919.932:ERROR:process_reader_win.cc(142)] SuspendThread: Access is denied. (0x5)
[0527/164919.932:ERROR:process_reader_win.cc(142)] SuspendThread: Access is denied. (0x5)
[0527/164919.932:ERROR:process_reader_win.cc(142)] SuspendThread: Access is denied. (0x5)
[0527/164919.932:ERROR:process_reader_win.cc(114)] NtOpenThread: {Access Denied} A process has requested access to an object, but has not been granted those access rights.  (0xc0000022)
[0527/164919.932:ERROR:exception_snapshot_win.cc(87)] thread ID 6648 not found in process
[0527/164919.932:WARNING:crash_report_exception_handler.cc(60)] ProcessSnapshotWin::Initialize failed
[0527/164919.948:ERROR:process_reader_win.cc(142)] SuspendThread: Access is denied. (0x5)
[0527/164919.948:ERROR:process_reader_win.cc(142)] SuspendThread: Access is denied. (0x5)
[0527/164919.948:ERROR:process_reader_win.cc(142)] SuspendThread: Access is denied. (0x5)
[0527/164919.948:ERROR:process_reader_win.cc(142)] SuspendThread: Access is denied. (0x5)
[0527/164919.948:ERROR:process_reader_win.cc(142)] SuspendThread: Access is denied. (0x5)
[0527/164919.948:ERROR:process_reader_win.cc(142)] SuspendThread: Access is denied. (0x5)
[0527/164919.948:ERROR:process_reader_win.cc(142)] SuspendThread: Access is denied. (0x5)
[0527/164919.948:ERROR:process_reader_win.cc(142)] SuspendThread: Access is denied. (0x5)
[0527/164919.948:ERROR:process_reader_win.cc(142)] SuspendThread: Access is denied. (0x5)
[0527/164919.948:ERROR:process_reader_win.cc(142)] SuspendThread: Access is denied. (0x5)
[0527/164919.948:ERROR:process_reader_win.cc(142)] SuspendThread: Access is denied. (0x5)
[0527/164919.948:ERROR:process_reader_win.cc(142)] SuspendThread: Access is denied. (0x5)
[0527/164919.948:ERROR:process_reader_win.cc(142)] SuspendThread: Access is denied. (0x5)
[0527/164919.948:ERROR:process_reader_win.cc(142)] SuspendThread: Access is denied. (0x5)
[0527/164919.948:ERROR:process_reader_win.cc(142)] SuspendThread: Access is denied. (0x5)
[0527/164919.948:ERROR:process_reader_win.cc(142)] SuspendThread: Access is denied. (0x5)
[0527/164919.948:ERROR:process_reader_win.cc(142)] SuspendThread: Access is denied. (0x5)
[0527/164919.948:ERROR:process_reader_win.cc(142)] SuspendThread: Access is denied. (0x5)
[0527/164919.948:ERROR:process_reader_win.cc(142)] SuspendThread: Access is denied. (0x5)
[0527/164919.948:ERROR:process_reader_win.cc(142)] SuspendThread: Access is denied. (0x5)
[0527/164919.948:ERROR:process_reader_win.cc(142)] SuspendThread: Access is denied. (0x5)
[0527/164919.948:ERROR:process_reader_win.cc(142)] SuspendThread: Access is denied. (0x5)
[0527/164919.948:ERROR:process_reader_win.cc(142)] SuspendThread: Access is denied. (0x5)
[0527/164919.948:ERROR:process_reader_win.cc(142)] SuspendThread: Access is denied. (0x5)
[0527/164919.948:ERROR:process_reader_win.cc(142)] SuspendThread: Access is denied. (0x5)
[0527/164919.948:ERROR:process_reader_win.cc(142)] SuspendThread: Access is denied. (0x5)
[0527/164919.948:ERROR:process_reader_win.cc(142)] SuspendThread: Access is denied. (0x5)
[0527/164919.948:ERROR:process_reader_win.cc(142)] SuspendThread: Access is denied. (0x5)
[0527/164919.948:ERROR:process_reader_win.cc(142)] SuspendThread: Access is denied. (0x5)
[0527/164919.963:ERROR:process_reader_win.cc(142)] SuspendThread: Access is denied. (0x5)
[0527/164919.963:ERROR:process_reader_win.cc(142)] SuspendThread: Access is denied. (0x5)
[0527/164919.963:ERROR:process_reader_win.cc(142)] SuspendThread: Access is denied. (0x5)
[0527/164919.963:ERROR:process_reader_win.cc(142)] SuspendThread: Access is denied. (0x5)
[0527/164919.963:ERROR:process_reader_win.cc(142)] SuspendThread: Access is denied. (0x5)
[0527/164919.963:ERROR:process_reader_win.cc(142)] SuspendThread: Access is denied. (0x5)
[0527/164919.963:ERROR:process_reader_win.cc(114)] NtOpenThread: {Access Denied} A process has requested access to an object, but has not been granted those access rights.  (0xc0000022)
[0527/164919.963:ERROR:exception_snapshot_win.cc(87)] thread ID 8288 not found in process
[0527/164919.963:WARNING:crash_report_exception_handler.cc(60)] ProcessSnapshotWin::Initialize failed
[0527/164919.979:ERROR:process_reader_win.cc(142)] SuspendThread: Access is denied. (0x5)
[0527/164919.979:ERROR:process_reader_win.cc(142)] SuspendThread: Access is denied. (0x5)
[0527/164919.979:ERROR:process_reader_win.cc(114)] NtOpenThread: {Access Denied} A process has requested access to an object, but has not been granted those access rights.  (0xc0000022)
[0527/164919.979:ERROR:exception_snapshot_win.cc(87)] thread ID 10524 not found in process
[0527/164919.979:WARNING:crash_report_exception_handler.cc(60)] ProcessSnapshotWin::Initialize failed
[0527/171306.848:ERROR:process_reader_win.cc(114)] NtOpenThread: {Access Denied} A process has requested access to an object, but has not been granted those access rights.  (0xc0000022)
[0527/171306.848:ERROR:exception_snapshot_win.cc(87)] thread ID 9180 not found in process
[0527/171306.848:WARNING:crash_report_exception_handler.cc(60)] ProcessSnapshotWin::Initialize failed
[0527/171713.748:ERROR:process_reader_win.cc(142)] SuspendThread: Access is denied. (0x5)
[0527/171713.748:ERROR:process_reader_win.cc(142)] SuspendThread: Access is denied. (0x5)
[0527/171713.748:ERROR:process_reader_win.cc(142)] SuspendThread: Access is denied. (0x5)
[0527/171713.748:ERROR:process_reader_win.cc(142)] SuspendThread: Access is denied. (0x5)
[0527/171713.748:ERROR:process_reader_win.cc(142)] SuspendThread: Access is denied. (0x5)
[0527/171713.748:ERROR:process_reader_win.cc(142)] SuspendThread: Access is denied. (0x5)
[0527/171713.748:ERROR:process_reader_win.cc(142)] SuspendThread: Access is denied. (0x5)
[0527/171713.748:ERROR:process_reader_win.cc(142)] SuspendThread: Access is denied. (0x5)
[0527/171713.748:ERROR:process_reader_win.cc(142)] SuspendThread: Access is denied. (0x5)
[0527/171713.748:ERROR:process_reader_win.cc(142)] SuspendThread: Access is denied. (0x5)
[0527/171713.748:ERROR:process_reader_win.cc(142)] SuspendThread: Access is denied. (0x5)
[0527/171713.748:ERROR:process_reader_win.cc(142)] SuspendThread: Access is denied. (0x5)
[0527/171713.748:ERROR:process_reader_win.cc(142)] SuspendThread: Access is denied. (0x5)
[0527/171713.748:ERROR:process_reader_win.cc(142)] SuspendThread: Access is denied. (0x5)
[0527/171713.748:ERROR:process_reader_win.cc(142)] SuspendThread: Access is denied. (0x5)
[0527/171713.748:ERROR:process_reader_win.cc(142)] SuspendThread: Access is denied. (0x5)
[0527/171713.748:ERROR:process_reader_win.cc(142)] SuspendThread: Access is denied. (0x5)
[0527/171713.748:ERROR:process_reader_win.cc(142)] SuspendThread: Access is denied. (0x5)
[0527/171713.748:ERROR:process_reader_win.cc(142)] SuspendThread: Access is denied. (0x5)
[0527/171713.748:ERROR:process_reader_win.cc(142)] SuspendThread: Access is denied. (0x5)
[0527/171713.748:ERROR:process_reader_win.cc(142)] SuspendThread: Access is denied. (0x5)
[0527/171713.748:ERROR:process_reader_win.cc(142)] SuspendThread: Access is denied. (0x5)
[0527/171713.748:ERROR:process_reader_win.cc(142)] SuspendThread: Access is denied. (0x5)
[0527/171713.748:ERROR:process_reader_win.cc(142)] SuspendThread: Access is denied. (0x5)
[0527/171713.748:ERROR:process_reader_win.cc(142)] SuspendThread: Access is denied. (0x5)
[0527/171713.748:ERROR:process_reader_win.cc(142)] SuspendThread: Access is denied. (0x5)
[0527/171713.748:ERROR:process_reader_win.cc(142)] SuspendThread: Access is denied. (0x5)
[0527/171713.748:ERROR:process_reader_win.cc(142)] SuspendThread: Access is denied. (0x5)
[0527/171713.748:ERROR:process_reader_win.cc(142)] SuspendThread: Access is denied. (0x5)
[0527/171713.748:ERROR:process_reader_win.cc(142)] SuspendThread: Access is denied. (0x5)
[0527/171713.748:ERROR:process_reader_win.cc(142)] SuspendThread: Access is denied. (0x5)
[0527/171713.748:ERROR:process_reader_win.cc(142)] SuspendThread: Access is denied. (0x5)
[0527/171713.748:ERROR:process_reader_win.cc(114)] NtOpenThread: {Access Denied} A process has requested access to an object, but has not been granted those access rights.  (0xc0000022)
[0527/171713.748:ERROR:exception_snapshot_win.cc(87)] thread ID 9152 not found in process
[0527/171713.748:WARNING:crash_report_exception_handler.cc(60)] ProcessSnapshotWin::Initialize failed
[0527/171713.748:ERROR:process_reader_win.cc(142)] SuspendThread: Access is denied. (0x5)
[0527/171713.764:ERROR:process_reader_win.cc(142)] SuspendThread: Access is denied. (0x5)
[0527/171713.764:ERROR:process_reader_win.cc(142)] SuspendThread: Access is denied. (0x5)
[0527/171713.764:ERROR:process_reader_win.cc(142)] SuspendThread: Access is denied. (0x5)
[0527/171713.764:ERROR:process_reader_win.cc(142)] SuspendThread: Access is denied. (0x5)
[0527/171713.764:ERROR:process_reader_win.cc(142)] SuspendThread: Access is denied. (0x5)
[0527/171713.764:ERROR:process_reader_win.cc(142)] SuspendThread: Access is denied. (0x5)
[0527/171713.764:ERROR:process_reader_win.cc(142)] SuspendThread: Access is denied. (0x5)
[0527/171713.764:ERROR:process_reader_win.cc(142)] SuspendThread: Access is denied. (0x5)
[0527/171713.764:ERROR:process_reader_win.cc(142)] SuspendThread: Access is denied. (0x5)
[0527/171713.764:ERROR:process_reader_win.cc(142)] SuspendThread: Access is denied. (0x5)
[0527/171713.764:ERROR:process_reader_win.cc(142)] SuspendThread: Access is denied. (0x5)
[0527/171713.764:ERROR:process_reader_win.cc(142)] SuspendThread: Access is denied. (0x5)
[0527/171713.764:ERROR:process_reader_win.cc(142)] SuspendThread: Access is denied. (0x5)
[0527/171713.764:ERROR:process_reader_win.cc(142)] SuspendThread: Access is denied. (0x5)
[0527/171713.764:ERROR:process_reader_win.cc(142)] SuspendThread: Access is denied. (0x5)
[0527/171713.764:ERROR:process_reader_win.cc(142)] SuspendThread: Access is denied. (0x5)
[0527/171713.764:ERROR:process_reader_win.cc(142)] SuspendThread: Access is denied. (0x5)
[0527/171713.764:ERROR:process_reader_win.cc(142)] SuspendThread: Access is denied. (0x5)
[0527/171713.764:ERROR:process_reader_win.cc(142)] SuspendThread: Access is denied. (0x5)
[0527/171713.764:ERROR:process_reader_win.cc(142)] SuspendThread: Access is denied. (0x5)
[0527/171713.764:ERROR:process_reader_win.cc(142)] SuspendThread: Access is denied. (0x5)
[0527/171713.764:ERROR:process_reader_win.cc(142)] SuspendThread: Access is denied. (0x5)
[0527/171713.764:ERROR:process_reader_win.cc(142)] SuspendThread: Access is denied. (0x5)
[0527/171713.764:ERROR:process_reader_win.cc(142)] SuspendThread: Access is denied. (0x5)
[0527/171713.764:ERROR:process_reader_win.cc(142)] SuspendThread: Access is denied. (0x5)
[0527/171713.764:ERROR:process_reader_win.cc(142)] SuspendThread: Access is denied. (0x5)
[0527/171713.764:ERROR:process_reader_win.cc(142)] SuspendThread: Access is denied. (0x5)
[0527/171713.764:ERROR:process_reader_win.cc(142)] SuspendThread: Access is denied. (0x5)
[0527/171713.764:ERROR:process_reader_win.cc(142)] SuspendThread: Access is denied. (0x5)
[0527/171713.764:ERROR:process_reader_win.cc(142)] SuspendThread: Access is denied. (0x5)
[0527/171713.764:ERROR:process_reader_win.cc(142)] SuspendThread: Access is denied. (0x5)
[0527/171713.764:ERROR:process_reader_win.cc(142)] SuspendThread: Access is denied. (0x5)
[0527/171713.764:ERROR:process_reader_win.cc(114)] NtOpenThread: {Access Denied} A process has requested access to an object, but has not been granted those access rights.  (0xc0000022)
[0527/171713.764:ERROR:exception_snapshot_win.cc(87)] thread ID 9656 not found in process
[0527/171713.764:WARNING:crash_report_exception_handler.cc(60)] ProcessSnapshotWin::Initialize failed
[0527/171713.827:ERROR:process_reader_win.cc(142)] SuspendThread: Access is denied. (0x5)
[0527/171713.827:ERROR:process_reader_win.cc(142)] SuspendThread: Access is denied. (0x5)
[0527/171713.827:ERROR:process_reader_win.cc(114)] NtOpenThread: {Access Denied} A process has requested access to an object, but has not been granted those access rights.  (0xc0000022)
[0527/171713.827:ERROR:exception_snapshot_win.cc(87)] thread ID 8816 not found in process
[0527/171713.827:WARNING:crash_report_exception_handler.cc(60)] ProcessSnapshotWin::Initialize failed
[0527/173536.401:ERROR:process_reader_win.cc(142)] SuspendThread: Access is denied. (0x5)
[0527/173536.401:ERROR:process_reader_win.cc(142)] SuspendThread: Access is denied. (0x5)
[0527/173536.401:ERROR:process_reader_win.cc(142)] SuspendThread: Access is denied. (0x5)
[0527/173536.401:ERROR:process_reader_win.cc(142)] SuspendThread: Access is denied. (0x5)
[0527/173536.401:ERROR:process_reader_win.cc(142)] SuspendThread: Access is denied. (0x5)
[0527/173536.401:ERROR:process_reader_win.cc(142)] SuspendThread: Access is denied. (0x5)
[0527/173536.401:ERROR:process_reader_win.cc(142)] SuspendThread: Access is denied. (0x5)
[0527/173536.401:ERROR:process_reader_win.cc(142)] SuspendThread: Access is denied. (0x5)
[0527/173536.401:ERROR:process_reader_win.cc(142)] SuspendThread: Access is denied. (0x5)
[0527/173536.401:ERROR:process_reader_win.cc(142)] SuspendThread: Access is denied. (0x5)
[0527/173536.401:ERROR:process_reader_win.cc(142)] SuspendThread: Access is denied. (0x5)
[0527/173536.401:ERROR:process_reader_win.cc(142)] SuspendThread: Access is denied. (0x5)
[0527/173536.401:ERROR:process_reader_win.cc(142)] SuspendThread: Access is denied. (0x5)
[0527/173536.401:ERROR:process_reader_win.cc(142)] SuspendThread: Access is denied. (0x5)
[0527/173536.401:ERROR:process_reader_win.cc(142)] SuspendThread: Access is denied. (0x5)
[0527/173536.401:ERROR:process_reader_win.cc(142)] SuspendThread: Access is denied. (0x5)
[0527/173536.401:ERROR:process_reader_win.cc(142)] SuspendThread: Access is denied. (0x5)
[0527/173536.401:ERROR:process_reader_win.cc(142)] SuspendThread: Access is denied. (0x5)
[0527/173536.401:ERROR:process_reader_win.cc(142)] SuspendThread: Access is denied. (0x5)
[0527/173536.401:ERROR:process_reader_win.cc(142)] SuspendThread: Access is denied. (0x5)
[0527/173536.401:ERROR:process_reader_win.cc(142)] SuspendThread: Access is denied. (0x5)
[0527/173536.401:ERROR:process_reader_win.cc(142)] SuspendThread: Access is denied. (0x5)
[0527/173536.401:ERROR:process_reader_win.cc(142)] SuspendThread: Access is denied. (0x5)
[0527/173536.401:ERROR:process_reader_win.cc(142)] SuspendThread: Access is denied. (0x5)
[0527/173536.401:ERROR:process_reader_win.cc(142)] SuspendThread: Access is denied. (0x5)
[0527/173536.401:ERROR:process_reader_win.cc(142)] SuspendThread: Access is denied. (0x5)
[0527/173536.401:ERROR:process_reader_win.cc(142)] SuspendThread: Access is denied. (0x5)
[0527/173536.401:ERROR:process_reader_win.cc(142)] SuspendThread: Access is denied. (0x5)
[0527/173536.401:ERROR:process_reader_win.cc(142)] SuspendThread: Access is denied. (0x5)
[0527/173536.401:ERROR:process_reader_win.cc(142)] SuspendThread: Access is denied. (0x5)
[0527/173536.401:ERROR:process_reader_win.cc(142)] SuspendThread: Access is denied. (0x5)
[0527/173536.401:ERROR:process_reader_win.cc(142)] SuspendThread: Access is denied. (0x5)
[0527/173536.401:ERROR:process_reader_win.cc(142)] SuspendThread: Access is denied. (0x5)
[0527/173536.401:ERROR:process_reader_win.cc(114)] NtOpenThread: {Access Denied} A process has requested access to an object, but has not been granted those access rights.  (0xc0000022)
[0527/173536.401:ERROR:exception_snapshot_win.cc(87)] thread ID 2204 not found in process
[0527/173536.401:WARNING:crash_report_exception_handler.cc(60)] ProcessSnapshotWin::Initialize failed
[0527/173536.417:ERROR:process_reader_win.cc(142)] SuspendThread: Access is denied. (0x5)
[0527/173536.417:ERROR:process_reader_win.cc(142)] SuspendThread: Access is denied. (0x5)
[0527/173536.417:ERROR:process_reader_win.cc(142)] SuspendThread: Access is denied. (0x5)
[0527/173536.417:ERROR:process_reader_win.cc(142)] SuspendThread: Access is denied. (0x5)
[0527/173536.417:ERROR:process_reader_win.cc(142)] SuspendThread: Access is denied. (0x5)
[0527/173536.417:ERROR:process_reader_win.cc(142)] SuspendThread: Access is denied. (0x5)
[0527/173536.417:ERROR:process_reader_win.cc(142)] SuspendThread: Access is denied. (0x5)
[0527/173536.433:ERROR:process_reader_win.cc(142)] SuspendThread: Access is denied. (0x5)
[0527/173536.433:ERROR:process_reader_win.cc(142)] SuspendThread: Access is denied. (0x5)
[0527/173536.433:ERROR:process_reader_win.cc(142)] SuspendThread: Access is denied. (0x5)
[0527/173536.433:ERROR:process_reader_win.cc(142)] SuspendThread: Access is denied. (0x5)
[0527/173536.433:ERROR:process_reader_win.cc(142)] SuspendThread: Access is denied. (0x5)
[0527/173536.433:ERROR:process_reader_win.cc(142)] SuspendThread: Access is denied. (0x5)
[0527/173536.433:ERROR:process_reader_win.cc(142)] SuspendThread: Access is denied. (0x5)
[0527/173536.433:ERROR:process_reader_win.cc(142)] SuspendThread: Access is denied. (0x5)
[0527/173536.433:ERROR:process_reader_win.cc(142)] SuspendThread: Access is denied. (0x5)
[0527/173536.433:ERROR:process_reader_win.cc(142)] SuspendThread: Access is denied. (0x5)
[0527/173536.433:ERROR:process_reader_win.cc(142)] SuspendThread: Access is denied. (0x5)
[0527/173536.433:ERROR:process_reader_win.cc(142)] SuspendThread: Access is denied. (0x5)
[0527/173536.433:ERROR:process_reader_win.cc(142)] SuspendThread: Access is denied. (0x5)
[0527/173536.433:ERROR:process_reader_win.cc(142)] SuspendThread: Access is denied. (0x5)
[0527/173536.433:ERROR:process_reader_win.cc(142)] SuspendThread: Access is denied. (0x5)
[0527/173536.433:ERROR:process_reader_win.cc(142)] SuspendThread: Access is denied. (0x5)
[0527/173536.433:ERROR:process_reader_win.cc(142)] SuspendThread: Access is denied. (0x5)
[0527/173536.433:ERROR:process_reader_win.cc(142)] SuspendThread: Access is denied. (0x5)
[0527/173536.433:ERROR:process_reader_win.cc(142)] SuspendThread: Access is denied. (0x5)
[0527/173536.433:ERROR:process_reader_win.cc(142)] SuspendThread: Access is denied. (0x5)
[0527/173536.433:ERROR:process_reader_win.cc(142)] SuspendThread: Access is denied. (0x5)
[0527/173536.433:ERROR:process_reader_win.cc(142)] SuspendThread: Access is denied. (0x5)
[0527/173536.433:ERROR:process_reader_win.cc(142)] SuspendThread: Access is denied. (0x5)
[0527/173536.433:ERROR:process_reader_win.cc(114)] NtOpenThread: {Access Denied} A process has requested access to an object, but has not been granted those access rights.  (0xc0000022)
[0527/173536.433:ERROR:exception_snapshot_win.cc(87)] thread ID 10248 not found in process
[0527/173536.433:WARNING:crash_report_exception_handler.cc(60)] ProcessSnapshotWin::Initialize failed
[0527/173536.448:ERROR:process_reader_win.cc(142)] SuspendThread: Access is denied. (0x5)
[0527/173536.464:ERROR:process_reader_win.cc(142)] SuspendThread: Access is denied. (0x5)
[0527/173536.464:ERROR:process_reader_win.cc(142)] SuspendThread: Access is denied. (0x5)
[0527/173536.464:ERROR:process_reader_win.cc(142)] SuspendThread: Access is denied. (0x5)
[0527/173536.464:ERROR:process_reader_win.cc(142)] SuspendThread: Access is denied. (0x5)
[0527/173536.464:ERROR:process_reader_win.cc(142)] SuspendThread: Access is denied. (0x5)
[0527/173536.464:ERROR:process_reader_win.cc(142)] SuspendThread: Access is denied. (0x5)
[0527/173536.464:ERROR:process_reader_win.cc(142)] SuspendThread: Access is denied. (0x5)
[0527/173536.464:ERROR:process_reader_win.cc(142)] SuspendThread: Access is denied. (0x5)
[0527/173536.464:ERROR:process_reader_win.cc(142)] SuspendThread: Access is denied. (0x5)
[0527/173536.464:ERROR:process_reader_win.cc(142)] SuspendThread: Access is denied. (0x5)
[0527/173536.464:ERROR:process_reader_win.cc(142)] SuspendThread: Access is denied. (0x5)
[0527/173536.464:ERROR:process_reader_win.cc(142)] SuspendThread: Access is denied. (0x5)
[0527/173536.464:ERROR:process_reader_win.cc(142)] SuspendThread: Access is denied. (0x5)
[0527/173536.464:ERROR:process_reader_win.cc(142)] SuspendThread: Access is denied. (0x5)
[0527/173536.464:ERROR:process_reader_win.cc(142)] SuspendThread: Access is denied. (0x5)
[0527/173536.464:ERROR:process_reader_win.cc(142)] SuspendThread: Access is denied. (0x5)
[0527/173536.464:ERROR:process_reader_win.cc(142)] SuspendThread: Access is denied. (0x5)
[0527/173536.464:ERROR:process_reader_win.cc(142)] SuspendThread: Access is denied. (0x5)
[0527/173536.464:ERROR:process_reader_win.cc(142)] SuspendThread: Access is denied. (0x5)
[0527/173536.464:ERROR:process_reader_win.cc(142)] SuspendThread: Access is denied. (0x5)
[0527/173536.464:ERROR:process_reader_win.cc(142)] SuspendThread: Access is denied. (0x5)
[0527/173536.464:ERROR:process_reader_win.cc(142)] SuspendThread: Access is denied. (0x5)
[0527/173536.464:ERROR:process_reader_win.cc(142)] SuspendThread: Access is denied. (0x5)
[0527/173536.464:ERROR:process_reader_win.cc(142)] SuspendThread: Access is denied. (0x5)
[0527/173536.464:ERROR:process_reader_win.cc(142)] SuspendThread: Access is denied. (0x5)
[0527/173536.464:ERROR:process_reader_win.cc(142)] SuspendThread: Access is denied. (0x5)
[0527/173536.464:ERROR:process_reader_win.cc(142)] SuspendThread: Access is denied. (0x5)
[0527/173536.464:ERROR:process_reader_win.cc(142)] SuspendThread: Access is denied. (0x5)
[0527/173536.464:ERROR:process_reader_win.cc(142)] SuspendThread: Access is denied. (0x5)
[0527/173536.464:ERROR:process_reader_win.cc(142)] SuspendThread: Access is denied. (0x5)
[0527/173536.464:ERROR:process_reader_win.cc(114)] NtOpenThread: {Access Denied} A process has requested access to an object, but has not been granted those access rights.  (0xc0000022)
[0527/173536.464:ERROR:exception_snapshot_win.cc(87)] thread ID 9480 not found in process
[0527/173536.464:WARNING:crash_report_exception_handler.cc(60)] ProcessSnapshotWin::Initialize failed
[0527/173901.092:ERROR:process_reader_win.cc(142)] SuspendThread: Access is denied. (0x5)
[0527/173901.092:ERROR:process_reader_win.cc(142)] SuspendThread: Access is denied. (0x5)
[0527/173901.092:ERROR:process_reader_win.cc(114)] NtOpenThread: {Access Denied} A process has requested access to an object, but has not been granted those access rights.  (0xc0000022)
[0527/173901.092:ERROR:exception_snapshot_win.cc(87)] thread ID 9260 not found in process
[0527/173901.092:WARNING:crash_report_exception_handler.cc(60)] ProcessSnapshotWin::Initialize failed
[0527/180251.860:ERROR:process_reader_win.cc(142)] SuspendThread: Access is denied. (0x5)
[0527/180251.861:ERROR:process_reader_win.cc(142)] SuspendThread: Access is denied. (0x5)
[0527/180251.861:ERROR:process_reader_win.cc(142)] SuspendThread: Access is denied. (0x5)
[0527/180251.861:ERROR:process_reader_win.cc(142)] SuspendThread: Access is denied. (0x5)
[0527/180251.861:ERROR:process_reader_win.cc(142)] SuspendThread: Access is denied. (0x5)
[0527/180251.861:ERROR:process_reader_win.cc(142)] SuspendThread: Access is denied. (0x5)
[0527/180251.861:ERROR:process_reader_win.cc(142)] SuspendThread: Access is denied. (0x5)
[0527/180251.861:ERROR:process_reader_win.cc(142)] SuspendThread: Access is denied. (0x5)
[0527/180251.861:ERROR:process_reader_win.cc(142)] SuspendThread: Access is denied. (0x5)
[0527/180251.861:ERROR:process_reader_win.cc(142)] SuspendThread: Access is denied. (0x5)
[0527/180251.861:ERROR:process_reader_win.cc(142)] SuspendThread: Access is denied. (0x5)
[0527/180251.861:ERROR:process_reader_win.cc(142)] SuspendThread: Access is denied. (0x5)
[0527/180251.861:ERROR:process_reader_win.cc(142)] SuspendThread: Access is denied. (0x5)
[0527/180251.861:ERROR:process_reader_win.cc(142)] SuspendThread: Access is denied. (0x5)
[0527/180251.861:ERROR:process_reader_win.cc(142)] SuspendThread: Access is denied. (0x5)
[0527/180251.861:ERROR:process_reader_win.cc(142)] SuspendThread: Access is denied. (0x5)
[0527/180251.862:ERROR:process_reader_win.cc(142)] SuspendThread: Access is denied. (0x5)
[0527/180251.862:ERROR:process_reader_win.cc(142)] SuspendThread: Access is denied. (0x5)
[0527/180251.862:ERROR:process_reader_win.cc(142)] SuspendThread: Access is denied. (0x5)
[0527/180251.862:ERROR:process_reader_win.cc(142)] SuspendThread: Access is denied. (0x5)
[0527/180251.862:ERROR:process_reader_win.cc(142)] SuspendThread: Access is denied. (0x5)
[0527/180251.862:ERROR:process_reader_win.cc(142)] SuspendThread: Access is denied. (0x5)
[0527/180251.862:ERROR:process_reader_win.cc(142)] SuspendThread: Access is denied. (0x5)
[0527/180251.862:ERROR:process_reader_win.cc(142)] SuspendThread: Access is denied. (0x5)
[0527/180251.862:ERROR:process_reader_win.cc(142)] SuspendThread: Access is denied. (0x5)
[0527/180251.862:ERROR:process_reader_win.cc(142)] SuspendThread: Access is denied. (0x5)
[0527/180251.862:ERROR:process_reader_win.cc(142)] SuspendThread: Access is denied. (0x5)
[0527/180251.862:ERROR:process_reader_win.cc(142)] SuspendThread: Access is denied. (0x5)
[0527/180251.862:ERROR:process_reader_win.cc(142)] SuspendThread: Access is denied. (0x5)
[0527/180251.862:ERROR:process_reader_win.cc(142)] SuspendThread: Access is denied. (0x5)
[0527/180251.862:ERROR:process_reader_win.cc(142)] SuspendThread: Access is denied. (0x5)
[0527/180251.862:ERROR:process_reader_win.cc(142)] SuspendThread: Access is denied. (0x5)
[0527/180251.862:ERROR:process_reader_win.cc(142)] SuspendThread: Access is denied. (0x5)
[0527/180251.862:ERROR:process_reader_win.cc(142)] SuspendThread: Access is denied. (0x5)
[0527/180251.862:ERROR:process_reader_win.cc(142)] SuspendThread: Access is denied. (0x5)
[0527/180251.862:ERROR:process_reader_win.cc(114)] NtOpenThread: {Access Denied} A process has requested access to an object, but has not been granted those access rights.  (0xc0000022)
[0527/180251.862:ERROR:exception_snapshot_win.cc(87)] thread ID 7604 not found in process
[0527/180251.862:WARNING:crash_report_exception_handler.cc(60)] ProcessSnapshotWin::Initialize failed
[0527/180251.889:ERROR:process_reader_win.cc(142)] SuspendThread: Access is denied. (0x5)
[0527/180251.890:ERROR:process_reader_win.cc(142)] SuspendThread: Access is denied. (0x5)
[0527/180251.891:ERROR:process_reader_win.cc(142)] SuspendThread: Access is denied. (0x5)
[0527/180251.891:ERROR:process_reader_win.cc(142)] SuspendThread: Access is denied. (0x5)
[0527/180251.891:ERROR:process_reader_win.cc(142)] SuspendThread: Access is denied. (0x5)
[0527/180251.891:ERROR:process_reader_win.cc(142)] SuspendThread: Access is denied. (0x5)
[0527/180251.891:ERROR:process_reader_win.cc(142)] SuspendThread: Access is denied. (0x5)
[0527/180251.891:ERROR:process_reader_win.cc(142)] SuspendThread: Access is denied. (0x5)
[0527/180251.891:ERROR:process_reader_win.cc(142)] SuspendThread: Access is denied. (0x5)
[0527/180251.891:ERROR:process_reader_win.cc(142)] SuspendThread: Access is denied. (0x5)
[0527/180251.891:ERROR:process_reader_win.cc(142)] SuspendThread: Access is denied. (0x5)
[0527/180251.891:ERROR:process_reader_win.cc(142)] SuspendThread: Access is denied. (0x5)
[0527/180251.891:ERROR:process_reader_win.cc(142)] SuspendThread: Access is denied. (0x5)
[0527/180251.891:ERROR:process_reader_win.cc(142)] SuspendThread: Access is denied. (0x5)
[0527/180251.891:ERROR:process_reader_win.cc(142)] SuspendThread: Access is denied. (0x5)
[0527/180251.891:ERROR:process_reader_win.cc(142)] SuspendThread: Access is denied. (0x5)
[0527/180251.891:ERROR:process_reader_win.cc(142)] SuspendThread: Access is denied. (0x5)
[0527/180251.891:ERROR:process_reader_win.cc(142)] SuspendThread: Access is denied. (0x5)
[0527/180251.891:ERROR:process_reader_win.cc(142)] SuspendThread: Access is denied. (0x5)
[0527/180251.891:ERROR:process_reader_win.cc(142)] SuspendThread: Access is denied. (0x5)
[0527/180251.891:ERROR:process_reader_win.cc(142)] SuspendThread: Access is denied. (0x5)
[0527/180251.891:ERROR:process_reader_win.cc(142)] SuspendThread: Access is denied. (0x5)
[0527/180251.891:ERROR:process_reader_win.cc(142)] SuspendThread: Access is denied. (0x5)
[0527/180251.891:ERROR:process_reader_win.cc(142)] SuspendThread: Access is denied. (0x5)
[0527/180251.891:ERROR:process_reader_win.cc(142)] SuspendThread: Access is denied. (0x5)
[0527/180251.891:ERROR:process_reader_win.cc(142)] SuspendThread: Access is denied. (0x5)
[0527/180251.891:ERROR:process_reader_win.cc(142)] SuspendThread: Access is denied. (0x5)
[0527/180251.891:ERROR:process_reader_win.cc(142)] SuspendThread: Access is denied. (0x5)
[0527/180251.891:ERROR:process_reader_win.cc(142)] SuspendThread: Access is denied. (0x5)
[0527/180251.891:ERROR:process_reader_win.cc(142)] SuspendThread: Access is denied. (0x5)
[0527/180251.891:ERROR:process_reader_win.cc(142)] SuspendThread: Access is denied. (0x5)
[0527/180251.891:ERROR:process_reader_win.cc(142)] SuspendThread: Access is denied. (0x5)
[0527/180251.892:ERROR:process_reader_win.cc(142)] SuspendThread: Access is denied. (0x5)
[0527/180251.892:ERROR:process_reader_win.cc(142)] SuspendThread: Access is denied. (0x5)
[0527/180251.892:ERROR:process_reader_win.cc(114)] NtOpenThread: {Access Denied} A process has requested access to an object, but has not been granted those access rights.  (0xc0000022)
[0527/180251.892:ERROR:exception_snapshot_win.cc(87)] thread ID 9840 not found in process
[0527/180251.892:WARNING:crash_report_exception_handler.cc(60)] ProcessSnapshotWin::Initialize failed
[0527/180252.014:ERROR:process_reader_win.cc(142)] SuspendThread: Access is denied. (0x5)
[0527/180252.019:ERROR:process_reader_win.cc(142)] SuspendThread: Access is denied. (0x5)
[0527/180252.019:ERROR:process_reader_win.cc(114)] NtOpenThread: {Access Denied} A process has requested access to an object, but has not been granted those access rights.  (0xc0000022)
[0527/180252.140:ERROR:exception_snapshot_win.cc(87)] thread ID 6124 not found in process
[0527/180252.140:WARNING:crash_report_exception_handler.cc(60)] ProcessSnapshotWin::Initialize failed
[0527/180529.485:ERROR:process_reader_win.cc(142)] SuspendThread: Access is denied. (0x5)
[0527/180529.485:ERROR:process_reader_win.cc(142)] SuspendThread: Access is denied. (0x5)
[0527/180529.485:ERROR:process_reader_win.cc(114)] NtOpenThread: {Access Denied} A process has requested access to an object, but has not been granted those access rights.  (0xc0000022)
[0527/180529.485:ERROR:exception_snapshot_win.cc(87)] thread ID 1520 not found in process
[0527/180529.485:WARNING:crash_report_exception_handler.cc(60)] ProcessSnapshotWin::Initialize failed
[0527/183839.316:ERROR:process_reader_win.cc(114)] NtOpenThread: {Access Denied} A process has requested access to an object, but has not been granted those access rights.  (0xc0000022)
[0527/183839.319:ERROR:exception_snapshot_win.cc(87)] thread ID 10876 not found in process
[0527/183839.319:WARNING:crash_report_exception_handler.cc(60)] ProcessSnapshotWin::Initialize failed
[0527/190001.260:ERROR:process_reader_win.cc(142)] SuspendThread: Access is denied. (0x5)
[0527/190001.264:ERROR:process_reader_win.cc(142)] SuspendThread: Access is denied. (0x5)
[0527/190001.264:ERROR:process_reader_win.cc(114)] NtOpenThread: {Access Denied} A process has requested access to an object, but has not been granted those access rights.  (0xc0000022)
[0527/190001.272:ERROR:exception_snapshot_win.cc(87)] thread ID 2644 not found in process
[0527/190001.273:WARNING:crash_report_exception_handler.cc(60)] ProcessSnapshotWin::Initialize failed
[0527/190357.256:ERROR:process_reader_win.cc(142)] SuspendThread: Access is denied. (0x5)
[0527/190357.256:ERROR:process_reader_win.cc(142)] SuspendThread: Access is denied. (0x5)
[0527/190357.256:ERROR:process_reader_win.cc(142)] SuspendThread: Access is denied. (0x5)
[0527/190357.256:ERROR:process_reader_win.cc(142)] SuspendThread: Access is denied. (0x5)
[0527/190357.256:ERROR:process_reader_win.cc(142)] SuspendThread: Access is denied. (0x5)
[0527/190357.256:ERROR:process_reader_win.cc(142)] SuspendThread: Access is denied. (0x5)
[0527/190357.256:ERROR:process_reader_win.cc(142)] SuspendThread: Access is denied. (0x5)
[0527/190357.256:ERROR:process_reader_win.cc(142)] SuspendThread: Access is denied. (0x5)
[0527/190357.256:ERROR:process_reader_win.cc(142)] SuspendThread: Access is denied. (0x5)
[0527/190357.256:ERROR:process_reader_win.cc(142)] SuspendThread: Access is denied. (0x5)
[0527/190357.256:ERROR:process_reader_win.cc(142)] SuspendThread: Access is denied. (0x5)
[0527/190357.256:ERROR:process_reader_win.cc(142)] SuspendThread: Access is denied. (0x5)
[0527/190357.256:ERROR:process_reader_win.cc(142)] SuspendThread: Access is denied. (0x5)
[0527/190357.256:ERROR:process_reader_win.cc(142)] SuspendThread: Access is denied. (0x5)
[0527/190357.256:ERROR:process_reader_win.cc(142)] SuspendThread: Access is denied. (0x5)
[0527/190357.256:ERROR:process_reader_win.cc(142)] SuspendThread: Access is denied. (0x5)
[0527/190357.256:ERROR:process_reader_win.cc(142)] SuspendThread: Access is denied. (0x5)
[0527/190357.256:ERROR:process_reader_win.cc(142)] SuspendThread: Access is denied. (0x5)
[0527/190357.256:ERROR:process_reader_win.cc(142)] SuspendThread: Access is denied. (0x5)
[0527/190357.256:ERROR:process_reader_win.cc(142)] SuspendThread: Access is denied. (0x5)
[0527/190357.256:ERROR:process_reader_win.cc(142)] SuspendThread: Access is denied. (0x5)
[0527/190357.256:ERROR:process_reader_win.cc(142)] SuspendThread: Access is denied. (0x5)
[0527/190357.256:ERROR:process_reader_win.cc(142)] SuspendThread: Access is denied. (0x5)
[0527/190357.256:ERROR:process_reader_win.cc(142)] SuspendThread: Access is denied. (0x5)
[0527/190357.256:ERROR:process_reader_win.cc(142)] SuspendThread: Access is denied. (0x5)
[0527/190357.256:ERROR:process_reader_win.cc(142)] SuspendThread: Access is denied. (0x5)
[0527/190357.256:ERROR:process_reader_win.cc(142)] SuspendThread: Access is denied. (0x5)
[0527/190357.256:ERROR:process_reader_win.cc(142)] SuspendThread: Access is denied. (0x5)
[0527/190357.256:ERROR:process_reader_win.cc(142)] SuspendThread: Access is denied. (0x5)
[0527/190357.256:ERROR:process_reader_win.cc(142)] SuspendThread: Access is denied. (0x5)
[0527/190357.256:ERROR:process_reader_win.cc(142)] SuspendThread: Access is denied. (0x5)
[0527/190357.256:ERROR:process_reader_win.cc(142)] SuspendThread: Access is denied. (0x5)
[0527/190357.256:ERROR:process_reader_win.cc(142)] SuspendThread: Access is denied. (0x5)
[0527/190357.256:ERROR:process_reader_win.cc(114)] NtOpenThread: {Access Denied} A process has requested access to an object, but has not been granted those access rights.  (0xc0000022)
[0527/190357.256:ERROR:exception_snapshot_win.cc(87)] thread ID 10512 not found in process
[0527/190357.256:WARNING:crash_report_exception_handler.cc(60)] ProcessSnapshotWin::Initialize failed
[0527/190357.256:ERROR:process_reader_win.cc(142)] SuspendThread: Access is denied. (0x5)
[0527/190357.256:ERROR:process_reader_win.cc(142)] SuspendThread: Access is denied. (0x5)
[0527/190357.256:ERROR:process_reader_win.cc(142)] SuspendThread: Access is denied. (0x5)
[0527/190357.256:ERROR:process_reader_win.cc(142)] SuspendThread: Access is denied. (0x5)
[0527/190357.256:ERROR:process_reader_win.cc(142)] SuspendThread: Access is denied. (0x5)
[0527/190357.256:ERROR:process_reader_win.cc(142)] SuspendThread: Access is denied. (0x5)
[0527/190357.256:ERROR:process_reader_win.cc(142)] SuspendThread: Access is denied. (0x5)
[0527/190357.256:ERROR:process_reader_win.cc(142)] SuspendThread: Access is denied. (0x5)
[0527/190357.256:ERROR:process_reader_win.cc(142)] SuspendThread: Access is denied. (0x5)
[0527/190357.256:ERROR:process_reader_win.cc(142)] SuspendThread: Access is denied. (0x5)
[0527/190357.256:ERROR:process_reader_win.cc(142)] SuspendThread: Access is denied. (0x5)
[0527/190357.256:ERROR:process_reader_win.cc(142)] SuspendThread: Access is denied. (0x5)
[0527/190357.256:ERROR:process_reader_win.cc(142)] SuspendThread: Access is denied. (0x5)
[0527/190357.256:ERROR:process_reader_win.cc(142)] SuspendThread: Access is denied. (0x5)
[0527/190357.256:ERROR:process_reader_win.cc(142)] SuspendThread: Access is denied. (0x5)
[0527/190357.256:ERROR:process_reader_win.cc(142)] SuspendThread: Access is denied. (0x5)
[0527/190357.256:ERROR:process_reader_win.cc(142)] SuspendThread: Access is denied. (0x5)
[0527/190357.256:ERROR:process_reader_win.cc(142)] SuspendThread: Access is denied. (0x5)
[0527/190357.256:ERROR:process_reader_win.cc(142)] SuspendThread: Access is denied. (0x5)
[0527/190357.256:ERROR:process_reader_win.cc(142)] SuspendThread: Access is denied. (0x5)
[0527/190357.256:ERROR:process_reader_win.cc(142)] SuspendThread: Access is denied. (0x5)
[0527/190357.256:ERROR:process_reader_win.cc(142)] SuspendThread: Access is denied. (0x5)
[0527/190357.256:ERROR:process_reader_win.cc(142)] SuspendThread: Access is denied. (0x5)
[0527/190357.256:ERROR:process_reader_win.cc(142)] SuspendThread: Access is denied. (0x5)
[0527/190357.256:ERROR:process_reader_win.cc(142)] SuspendThread: Access is denied. (0x5)
[0527/190357.256:ERROR:process_reader_win.cc(142)] SuspendThread: Access is denied. (0x5)
[0527/190357.256:ERROR:process_reader_win.cc(142)] SuspendThread: Access is denied. (0x5)
[0527/190357.256:ERROR:process_reader_win.cc(142)] SuspendThread: Access is denied. (0x5)
[0527/190357.256:ERROR:process_reader_win.cc(142)] SuspendThread: Access is denied. (0x5)
[0527/190357.256:ERROR:process_reader_win.cc(142)] SuspendThread: Access is denied. (0x5)
[0527/190357.256:ERROR:process_reader_win.cc(142)] SuspendThread: Access is denied. (0x5)
[0527/190357.256:ERROR:process_reader_win.cc(142)] SuspendThread: Access is denied. (0x5)
[0527/190357.256:ERROR:process_reader_win.cc(142)] SuspendThread: Access is denied. (0x5)
[0527/190357.256:ERROR:process_reader_win.cc(142)] SuspendThread: Access is denied. (0x5)
[0527/190357.256:ERROR:process_reader_win.cc(114)] NtOpenThread: {Access Denied} A process has requested access to an object, but has not been granted those access rights.  (0xc0000022)
[0527/190357.256:ERROR:exception_snapshot_win.cc(87)] thread ID 8924 not found in process
[0527/190357.256:WARNING:crash_report_exception_handler.cc(60)] ProcessSnapshotWin::Initialize failed
[0527/235038.844:ERROR:process_reader_win.cc(142)] SuspendThread: Access is denied. (0x5)
[0527/235038.860:ERROR:process_reader_win.cc(142)] SuspendThread: Access is denied. (0x5)
[0527/235038.860:ERROR:process_reader_win.cc(114)] NtOpenThread: {Access Denied} A process has requested access to an object, but has not been granted those access rights.  (0xc0000022)
[0527/235038.860:ERROR:exception_snapshot_win.cc(87)] thread ID 6240 not found in process
[0527/235038.860:WARNING:crash_report_exception_handler.cc(60)] ProcessSnapshotWin::Initialize failed
[0527/235038.907:ERROR:process_reader_win.cc(114)] NtOpenThread: {Access Denied} A process has requested access to an object, but has not been granted those access rights.  (0xc0000022)
[0527/235038.907:ERROR:exception_snapshot_win.cc(87)] thread ID 2896 not found in process
[0527/235038.907:WARNING:crash_report_exception_handler.cc(60)] ProcessSnapshotWin::Initialize failed
[0527/235317.425:ERROR:process_reader_win.cc(142)] SuspendThread: Access is denied. (0x5)
[0527/235317.429:ERROR:process_reader_win.cc(142)] SuspendThread: Access is denied. (0x5)
[0527/235317.429:ERROR:process_reader_win.cc(114)] NtOpenThread: {Access Denied} A process has requested access to an object, but has not been granted those access rights.  (0xc0000022)
[0527/235317.429:ERROR:exception_snapshot_win.cc(87)] thread ID 2732 not found in process
[0527/235317.429:WARNING:crash_report_exception_handler.cc(60)] ProcessSnapshotWin::Initialize failed
[0528/010304.848:ERROR:process_reader_win.cc(114)] NtOpenThread: {Access Denied} A process has requested access to an object, but has not been granted those access rights.  (0xc0000022)
[0528/010304.848:ERROR:exception_snapshot_win.cc(87)] thread ID 4660 not found in process
[0528/010304.848:WARNING:crash_report_exception_handler.cc(60)] ProcessSnapshotWin::Initialize failed
[0528/010316.841:ERROR:process_reader_win.cc(114)] NtOpenThread: {Access Denied} A process has requested access to an object, but has not been granted those access rights.  (0xc0000022)
[0528/010316.841:ERROR:exception_snapshot_win.cc(87)] thread ID 10732 not found in process
[0528/010316.841:WARNING:crash_report_exception_handler.cc(60)] ProcessSnapshotWin::Initialize failed
